Arguments: 
  D:\Software\nodejs\node.exe D:\Software\nodejs\node_global\node_modules\yarn\bin\yarn.js start

PATH: 
  D:\Software\Git\mingw64\bin;D:\Software\Git\usr\bin;C:\Users\Administrator\bin;C:\Users\Administrator\bin;D:\Software\Git\mingw64\bin;D:\Software\Git\usr\local\bin;D:\Software\Git\usr\bin;D:\Software\Git\usr\bin;D:\Software\Git\mingw64\bin;D:\Software\Git\usr\bin;C:\Users\Administrator\bin;C:\windows\system32;C:\windows;C:\windows\System32\Wbem;C:\windows\System32\WindowsPowerShell\v1.0;C:\windows\System32\OpenSSH;C:\Program Files (x86)\Windows Kits\8.1\Windows Performance Toolkit;C:\Program Files\Microsoft SQL Server\110\Tools\Binn;D:\Software\Java\jdk-12.0.2\bin;D:\Software\mysql-8.0.11-winx64\bin;D:\Software\nodejs\node_global;D:\Software\Git\cmd;C:\Program Files (x86)\NVIDIA Corporation\PhysX\Common;C:\Program Files\NVIDIA Corporation\NVIDIA NvDLISR;C:\WINDOWS\system32;C:\WINDOWS;C:\WINDOWS\System32\Wbem;C:\WINDOWS\System32\WindowsPowerShell\v1.0;C:\WINDOWS\System32\OpenSSH;D:\Software\nodejs;D:\Software\Microsoft VS Code\bin;C:\Users\Administrator\AppData\Local\Microsoft\WindowsApps;C:\Users\Administrator\AppData\Roaming\npm;D:\Software\Git\usr\bin\vendor_perl;D:\Software\Git\usr\bin\core_perl

Yarn version: 
  1.22.5

Node version: 
  14.11.0

Platform: 
  win32 x64

Trace: 
  SyntaxError: D:\my-admin\package.json: Unexpected token } in JSON at position 216
      at JSON.parse (<anonymous>)
      at D:\Software\nodejs\node_global\node_modules\yarn\lib\cli.js:1625:59
      at Generator.next (<anonymous>)
      at step (D:\Software\nodejs\node_global\node_modules\yarn\lib\cli.js:310:30)
      at D:\Software\nodejs\node_global\node_modules\yarn\lib\cli.js:321:13

npm manifest: 
  {
    "name": "my-admin",
    "version": "1.0.0",
    "description": "",
    "main": "index.js",
    "scripts": {
      "test": "echo \"Error: no test specified\" && exit 1",
      "start": "webpack --config webpack.config.js",
    },
    "author": "",
    "license": "ISC",
    "devDependencies": {
      "css-loader": "^5.2.4",
      "eslint": "^7.25.0",
      "extract-text-webpack-plugin": "^4.0.0-beta.0",
      "mini-css-extract-plugin": "^1.5.0",
      "style-loader": "^2.0.0",
      "webpack": "^5.35.1",
      "webpack-cli": "^3.3.12",
      "webpack-dev-server": "^3.11.2"
    }
  }

yarn manifest: 
  No manifest

Lockfile: 
  No lockfile
